<?xml version="1.0" encoding="UTF-8"?>
<!-- Generated by org.testng.reporters.JUnitReportReporter -->
<testsuite skipped="0" hostname="DESKTOP-E9EN7SR" name="test.test.MSWordOperations" tests="2" failures="0" timestamp="17 Jan 2019 14:56:23 GMT" time="1.208" errors="0">
  <testcase name="alignParagraph" time="1.032" classname="test.test.MSWordOperations"/>
  <testcase name="wordExtractor" time="0.176" classname="test.test.MSWordOperations"/>
</testsuite> <!-- test.test.MSWordOperations -->
