<?xml version="1.0" encoding="UTF-8"?>
<!-- Generated by org.testng.reporters.JUnitReportReporter -->
<testsuite skipped="0" hostname="Mujeeb-PC" name="test.test.CreateMSWord" tests="1" failures="0" timestamp="24 Sep 2018 17:00:56 GMT" time="1.072" errors="0">
  <testcase name="createParagraph" time="1.072" classname="test.test.CreateMSWord"/>
</testsuite> <!-- test.test.CreateMSWord -->
