<?xml version="1.0" encoding="UTF-8"?>
<!-- Generated by org.testng.reporters.JUnitReportReporter -->
<testsuite skipped="0" hostname="Mujeeb-PC" name="test.test.TestClass1" tests="1" failures="0" timestamp="16 Sep 2018 08:28:07 GMT" time="15.530" errors="0">
  <testcase name="testMethod" time="15.530" classname="test.test.TestClass1"/>
</testsuite> <!-- test.test.TestClass1 -->
