<?xml version="1.0" encoding="UTF-8"?>
<!-- Generated by org.testng.reporters.JUnitReportReporter -->
<testsuite skipped="0" hostname="Mujeeb-PC" name="test.test.ReadNotepadFile" tests="1" failures="0" timestamp="24 Sep 2018 16:48:54 GMT" time="0.030" errors="0">
  <testcase name="readNotepadFile2" time="0.030" classname="test.test.ReadNotepadFile"/>
</testsuite> <!-- test.test.ReadNotepadFile -->
